<?xml version="1.0" encoding="UTF-8"?>
<testsuite xmlns:xsi="http://www.w3.org/2001/XMLSchema-instance" xsi:noNamespaceSchemaLocation="https://maven.apache.org/surefire/maven-surefire-plugin/xsd/surefire-test-report-3.0.xsd" version="3.0" name="com.luv2code.springboot.cruddemo.CruddemoApplicationTests" time="8.794" tests="1" errors="0" skipped="0" failures="0">
  <properties>
[...]
</properties>
  <testcase name="contextLoads" classname="com.luv2code.springboot.cruddemo.CruddemoApplicationTests" time="0.803">
    <system-out><![CDATA[23:12:48.756 [main] INFO org.springframework.test.context.support.AnnotationConfigContextLoaderUtils -- Could not detect default configuration classes for test class [com.luv2code.springboot.cruddemo.CruddemoApplicationTests]: CruddemoApplicationTests does not declare any static, non-private, non-final, nested classes annotated with @Configuration.
23:12:48.930 [main] INFO org.springframework.boot.test.context.SpringBootTestContextBootstrapper -- Found @SpringBootConfiguration com.luv2code.springboot.cruddemo.CruddemoApplication for test class com.luv2code.springboot.cruddemo.CruddemoApplicationTests
23:12:49.279 [main] INFO org.springframework.boot.devtools.restart.RestartApplicationListener -- Restart disabled due to context in which it is running
  .   ____          _            __ _ _
 /\\ / ___'_ __ _ _(_)_ __  __ _ \ \ \ \
( ( )\___ | '_ | '_| | '_ \/ _` | \ \ \ \
 \\/  ___)| |_)| | | | | || (_| |  ) ) ) )
  '  |____| .__|_| |_|_| |_\__, | / / / /
 =========|_|==============|___/=/_/_/_/

 :: Spring Boot ::                (v3.3.0)

2024-06-03T23:12:49.589+05:30  INFO 8324 --- [           main] c.l.s.cruddemo.CruddemoApplicationTests  : Starting CruddemoApplicationTests using Java 17.0.7 with PID 8324 (started by MradulAwasthi in C:\Tinku\javaprojects\spring-boot-rest-security)
2024-06-03T23:12:49.590+05:30  INFO 8324 --- [           main] c.l.s.cruddemo.CruddemoApplicationTests  : No active profile set, falling back to 1 default profile: "default"
2024-06-03T23:12:50.788+05:30  INFO 8324 --- [           main] .s.d.r.c.RepositoryConfigurationDelegate : Bootstrapping Spring Data JPA repositories in DEFAULT mode.
2024-06-03T23:12:50.899+05:30  INFO 8324 --- [           main] .s.d.r.c.RepositoryConfigurationDelegate : Finished Spring Data repository scanning in 97 ms. Found 1 JPA repository interface.
2024-06-03T23:12:51.816+05:30  INFO 8324 --- [           main] com.zaxxer.hikari.HikariDataSource       : HikariPool-1 - Starting...
2024-06-03T23:12:52.492+05:30  INFO 8324 --- [           main] com.zaxxer.hikari.pool.HikariPool        : HikariPool-1 - Added connection com.mysql.cj.jdbc.ConnectionImpl@49cb3881
2024-06-03T23:12:52.495+05:30  INFO 8324 --- [           main] com.zaxxer.hikari.HikariDataSource       : HikariPool-1 - Start completed.
2024-06-03T23:12:52.585+05:30  INFO 8324 --- [           main] o.hibernate.jpa.internal.util.LogHelper  : HHH000204: Processing PersistenceUnitInfo [name: default]
2024-06-03T23:12:52.733+05:30  INFO 8324 --- [           main] org.hibernate.Version                    : HHH000412: Hibernate ORM core version 6.5.2.Final
2024-06-03T23:12:52.821+05:30  INFO 8324 --- [           main] o.h.c.internal.RegionFactoryInitiator    : HHH000026: Second-level cache disabled
2024-06-03T23:12:53.532+05:30  INFO 8324 --- [           main] o.s.o.j.p.SpringPersistenceUnitInfo      : No LoadTimeWeaver setup: ignoring JPA class transformer
2024-06-03T23:12:54.974+05:30  INFO 8324 --- [           main] o.h.e.t.j.p.i.JtaPlatformInitiator       : HHH000489: No JTA platform available (set 'hibernate.transaction.jta.platform' to enable JTA platform integration)
2024-06-03T23:12:54.978+05:30  INFO 8324 --- [           main] j.LocalContainerEntityManagerFactoryBean : Initialized JPA EntityManagerFactory for persistence unit 'default'
2024-06-03T23:12:55.503+05:30  WARN 8324 --- [           main] JpaBaseConfiguration$JpaWebConfiguration : spring.jpa.open-in-view is enabled by default. Therefore, database queries may be performed during view rendering. Explicitly configure spring.jpa.open-in-view to disable this warning
2024-06-03T23:12:56.143+05:30  WARN 8324 --- [           main] .s.s.UserDetailsServiceAutoConfiguration : 

Using generated security password: 263f870a-d26b-4cdc-83b5-92dd93ca23c0

This generated password is for development use only. Your security configuration must be updated before running your application in production.

2024-06-03T23:12:56.164+05:30  INFO 8324 --- [           main] r$InitializeUserDetailsManagerConfigurer : Global AuthenticationManager configured with UserDetailsService bean with name inMemoryUserDetailsManager
2024-06-03T23:12:56.359+05:30  INFO 8324 --- [           main] o.s.s.web.DefaultSecurityFilterChain     : Will secure any request with [org.springframework.security.web.session.DisableEncodeUrlFilter@5c7b504, org.springframework.security.web.context.request.async.WebAsyncManagerIntegrationFilter@772589ed, org.springframework.security.web.context.SecurityContextHolderFilter@4131f6db, org.springframework.security.web.header.HeaderWriterFilter@31beb0d0, org.springframework.web.filter.CorsFilter@4619854a, org.springframework.security.web.csrf.CsrfFilter@7f69c4c0, org.springframework.security.web.authentication.logout.LogoutFilter@39d37da8, org.springframework.security.web.authentication.UsernamePasswordAuthenticationFilter@10c67c1c, org.springframework.security.web.authentication.ui.DefaultLoginPageGeneratingFilter@31c31fa6, org.springframework.security.web.authentication.ui.DefaultLogoutPageGeneratingFilter@c040c8d, org.springframework.security.web.authentication.www.BasicAuthenticationFilter@48b744fd, org.springframework.security.web.savedrequest.RequestCacheAwareFilter@4509414e, org.springframework.security.web.servletapi.SecurityContextHolderAwareRequestFilter@78a0d664, org.springframework.security.web.authentication.AnonymousAuthenticationFilter@3453f79c, org.springframework.security.web.access.ExceptionTranslationFilter@715d82a0, org.springframework.security.web.access.intercept.AuthorizationFilter@5ce03a9d]
2024-06-03T23:12:56.439+05:30  INFO 8324 --- [           main] c.l.s.cruddemo.CruddemoApplicationTests  : Started CruddemoApplicationTests in 7.183 seconds (process running for 8.477)
]]></system-out>
  </testcase>
</testsuite>